<?xml version="1.0" encoding="UTF-8"?>
<!-- Generated by org.testng.reporters.JUnitXMLReporter -->
<testsuite ignored="0" hostname="DESKTOP-T14GJVG" failures="2" tests="5" name="Test" time="208.245" errors="0" timestamp="2022-11-15T18:53:04 IST">
  <testcase classname="com.Shopping.testcases.Verify_Create_AccountPge" name="verifyCreatAccount" time="12.85">
    <failure type="java.lang.AssertionError" message="expected [true] but found [false]">
      <![CDATA[java.lang.AssertionError: expected [true] but found [false]
at com.Shopping.testcases.Verify_Create_AccountPge.verifyCreatAccount(Verify_Create_AccountPge.java:46)
at java.base/java.util.ArrayList.forEach(ArrayList.java:1541)
... Removed 35 stack frames]]>
    </failure>
  </testcase> <!-- verifyCreatAccount -->
  <testcase classname="com.Shopping.testcases.Verify_Create_AccountPge" name="verifyLoginPage" time="16.545"/>
  <testcase classname="com.Shopping.testcases.Verify_Create_AccountPge" name="verifysignOut" time="14.574"/>
  <testcase classname="com.Shopping.testcases.Tc_VerifySearchProduct" name="verifySearchProduct" time="22.217"/>
  <testcase classname="com.Shopping.testcases.Tc_VerifySearchProduct" name="verifyPayment" time="64.518">
    <failure type="org.openqa.selenium.ElementClickInterceptedException" message="element click intercepted: Element &amp;lt;button class=&amp;quot;action primary checkout&amp;quot; type=&amp;quot;submit&amp;quot; data-bind=&amp;quot;
                        click: placeOrder,
                        attr: {title: $t(&amp;apos;Place Order&amp;apos;)},
                        css: {disabled: !isPlaceOrderActionAllowed()},
                        enable: (getCode() == isChecked())
                        &amp;quot; title=&amp;quot;Place Order&amp;quot;&amp;gt;...&amp;lt;/button&amp;gt; is not clickable at point (565, 396). Other element would receive the click: &amp;lt;img alt=&amp;quot;Loading...&amp;quot; src=&amp;quot;https://magento.softwaretestingboard.com/pub/static/version1666447838/frontend/Magento/luma/en_US/images/loader-2.gif&amp;quot;&amp;gt;
  (Session info: chrome=107.0.5304.107)
Build info: version: &amp;apos;4.1.1&amp;apos;, revision: &amp;apos;e8fcc2cecf&amp;apos;
System info: host: &amp;apos;DESKTOP-T14GJVG&amp;apos;, ip: &amp;apos;192.168.56.1&amp;apos;, os.name: &amp;apos;Windows 10&amp;apos;, os.arch: &amp;apos;amd64&amp;apos;, os.version: &amp;apos;10.0&amp;apos;, java.version: &amp;apos;11.0.16.1&amp;apos;
Driver info: org.openqa.selenium.chrome.ChromeDriver
Command: [9c200ac5bfb91301abc45094a5eee21e, clickElement {id=e3d3b6d5-4607-4d06-9445-6338191589fe}]
Capabilities {acceptInsecureCerts: false, browserName: chrome, browserVersion: 107.0.5304.107, chrome: {chromedriverVersion: 107.0.5304.62 (1eec40d3a576..., userDataDir: C:\Windows\TEMP\scoped_dir9...}, goog:chromeOptions: {debuggerAddress: localhost:59201}, javascriptEnabled: true, networkConnectionEnabled: false, pageLoadStrategy: normal, platform: WINDOWS, platformName: WINDOWS, proxy: Proxy(), se:cdp: ws://localhost:59201/devtoo..., se:cdpVersion: 107.0.5304.107, setWindowRect: true, strictFileInteractability: false, timeouts: {implicit: 0, pageLoad: 300000, script: 30000}, unhandledPromptBehavior: dismiss and notify, webauthn:extension:credBlob: true, webauthn:extension:largeBlob: true, webauthn:virtualAuthenticators: true}
Element: [[ChromeDriver: chrome on WINDOWS (9c200ac5bfb91301abc45094a5eee21e)] -&amp;gt; xpath: //button[normalize-space()=&amp;quot;Place Order&amp;quot;]]
Session ID: 9c200ac5bfb91301abc45094a5eee21e">
      <![CDATA[org.openqa.selenium.ElementClickInterceptedException: element click intercepted: Element <button class="action primary checkout" type="submit" data-bind="
                        click: placeOrder,
                        attr: {title: $t('Place Order')},
                        css: {disabled: !isPlaceOrderActionAllowed()},
                        enable: (getCode() == isChecked())
                        " title="Place Order">...</button> is not clickable at point (565, 396). Other element would receive the click: <img alt="Loading..." src="https://magento.softwaretestingboard.com/pub/static/version1666447838/frontend/Magento/luma/en_US/images/loader-2.gif">
  (Session info: chrome=107.0.5304.107)
Build info: version: '4.1.1', revision: 'e8fcc2cecf'
System info: host: 'DESKTOP-T14GJVG', ip: '192.168.56.1', os.name: 'Windows 10', os.arch: 'amd64', os.version: '10.0', java.version: '11.0.16.1'
Driver info: org.openqa.selenium.chrome.ChromeDriver
Command: [9c200ac5bfb91301abc45094a5eee21e, clickElement {id=e3d3b6d5-4607-4d06-9445-6338191589fe}]
Capabilities {acceptInsecureCerts: false, browserName: chrome, browserVersion: 107.0.5304.107, chrome: {chromedriverVersion: 107.0.5304.62 (1eec40d3a576..., userDataDir: C:\Windows\TEMP\scoped_dir9...}, goog:chromeOptions: {debuggerAddress: localhost:59201}, javascriptEnabled: true, networkConnectionEnabled: false, pageLoadStrategy: normal, platform: WINDOWS, platformName: WINDOWS, proxy: Proxy(), se:cdp: ws://localhost:59201/devtoo..., se:cdpVersion: 107.0.5304.107, setWindowRect: true, strictFileInteractability: false, timeouts: {implicit: 0, pageLoad: 300000, script: 30000}, unhandledPromptBehavior: dismiss and notify, webauthn:extension:credBlob: true, webauthn:extension:largeBlob: true, webauthn:virtualAuthenticators: true}
Element: [[ChromeDriver: chrome on WINDOWS (9c200ac5bfb91301abc45094a5eee21e)] -> xpath: //button[normalize-space()="Place Order"]]
Session ID: 9c200ac5bfb91301abc45094a5eee21e
at org.openqa.selenium.remote.codec.w3c.W3CHttpResponseCodec.createException(W3CHttpResponseCodec.java:200)
at org.openqa.selenium.remote.codec.w3c.W3CHttpResponseCodec.decode(W3CHttpResponseCodec.java:133)
at org.openqa.selenium.remote.codec.w3c.W3CHttpResponseCodec.decode(W3CHttpResponseCodec.java:53)
at org.openqa.selenium.remote.HttpCommandExecutor.execute(HttpCommandExecutor.java:184)
at org.openqa.selenium.remote.service.DriverCommandExecutor.invokeExecute(DriverCommandExecutor.java:167)
at org.openqa.selenium.remote.service.DriverCommandExecutor.execute(DriverCommandExecutor.java:142)
at org.openqa.selenium.remote.RemoteWebDriver.execute(RemoteWebDriver.java:543)
at org.openqa.selenium.remote.RemoteWebElement.execute(RemoteWebElement.java:251)
at org.openqa.selenium.remote.RemoteWebElement.click(RemoteWebElement.java:77)
at org.openqa.selenium.support.pagefactory.internal.LocatingElementHandler.invoke(LocatingElementHandler.java:52)
at com.sun.proxy.$Proxy29.click(Unknown Source)
at com.Shopping.pageobjects.PayementMethod.clickOnPlaceOrder(PayementMethod.java:21)
at com.Shopping.testcases.Tc_VerifySearchProduct.verifyPayment(Tc_VerifySearchProduct.java:112)
at java.base/java.util.ArrayList.forEach(ArrayList.java:1541)
... Removed 38 stack frames]]>
    </failure>
  </testcase> <!-- verifyPayment -->
</testsuite> <!-- Test -->
